<?xml version="1.0" encoding="UTF-8"?>
<!-- Generated by org.testng.reporters.JUnitReportReporter -->
<testsuite hostname="PPI-CG3YEMD6R" failures="0" tests="5" name="RandomTests" time="15.249" errors="0" timestamp="2022-03-04T15:13:50 CST" skipped="0">
  <testcase classname="RandomTests" name="RandomTest4" time="2.870"/>
  <system-out/>
  <testcase classname="RandomTests" name="RandomTest" time="3.114"/>
  <system-out/>
  <testcase classname="RandomTests" name="RandomTest3" time="3.032"/>
  <system-out/>
  <testcase classname="RandomTests" name="RandomTest5" time="3.010"/>
  <system-out/>
  <testcase classname="RandomTests" name="RandomTest2" time="3.223"/>
  <system-out/>
</testsuite> <!-- RandomTests -->
