<?xml version="1.0" encoding="UTF-8"?>
<!-- Generated by org.testng.reporters.JUnitReportReporter -->
<testsuite hostname="PPI-CG3YEMD6R" failures="0" tests="2" name="RandomTests" time="6.749" errors="0" timestamp="2022-02-21T16:05:49 CST" skipped="0">
  <testcase classname="RandomTests" name="RandomTest" time="4.480"/>
  <system-out/>
  <testcase classname="RandomTests" name="RandomTest2" time="2.269"/>
  <system-out/>
</testsuite> <!-- RandomTests -->
