<?xml version="1.0" encoding="UTF-8"?>
<!-- Generated by org.testng.reporters.JUnitReportReporter -->
<testsuite hostname="PPI-CG3YEMD6R" failures="0" tests="2" name="RandomTests" time="6.445" errors="0" timestamp="2022-03-02T10:48:38 CST" skipped="0">
  <testcase classname="RandomTests" name="RandomTest" time="3.223"/>
  <system-out/>
  <testcase classname="RandomTests" name="RandomTest2" time="3.222"/>
  <system-out/>
</testsuite> <!-- RandomTests -->
