<?xml version="1.0" encoding="UTF-8"?>
<!-- Generated by org.testng.reporters.JUnitReportReporter -->
<testsuite hostname="PPI-CG3YEMD6R" failures="0" tests="2" name="RandomTests" time="4.168" errors="0" timestamp="2022-02-22T00:56:17 CST" skipped="0">
  <testcase classname="RandomTests" name="RandomTest" time="2.097"/>
  <system-out/>
  <testcase classname="RandomTests" name="RandomTest2" time="2.071"/>
  <system-out/>
</testsuite> <!-- RandomTests -->
